********************************************************************************
DUPLICATOR-LITE PACKAGE-LOG: 2016-12-13 22:24:04
NOTICE: Do NOT post to public sites or forums 
********************************************************************************
VERSION:	1.1.24
WORDPRESS:	4.6.1
PHP INFO:	7.0.12 | SAPI: apache2handler
SERVER:		Apache/2.2.31 (Unix) mod_wsgi/3.5 Python/2.7.12 PHP/7.0.12 mod_ssl/2.2.31 OpenSSL/1.0.2j DAV/2 mod_fastcgi/2.4.6 mod_perl/2.0.9 Perl/v5.24.0 
PHP TIME LIMIT: (0) no time limit imposed 
PHP MAX MEMORY: 2048M (128M default) 
MEMORY STACK: 6MB 

********************************************************************************
DATABASE:
********************************************************************************
BUILD MODE:   PHP(query limit - 100)
MYSQLTIMEOUT: 5000
MYSQLDUMP:    Not Supported 
TABLES: total:13 | filtered:0 | create:13 
FILTERED: [] 
SQL CREATED: 20161213_hangoutbeachresort_585074c811deb5488161213222304_database.sql 
SQL FILE SIZE: 736.46KB (754130) 
SQL FILE TIME: 2016-12-13 22:24:05 
SQL RUNTIME: 0.30 sec. 

******************************************************************************** 
ARCHIVE (ZIP): 
******************************************************************************** 
ARCHIVE DIR:  /Applications/MAMP/htdocs/wp-hangout 
ARCHIVE FILE: 20161213_hangoutbeachresort_585074c811deb5488161213222304_archive.zip 
FILTERS: *OFF* 
DIRS: not set 
EXTS:  not set 
---------------------------------------- 
COMPRESSING 
SIZE:	46.92MB 
STATS:	Dirs 488 | Files 2,727 
SQL ADDED: 20161213_hangoutbeachresort_585074c811deb5488161213222304_database.sql 
ZipArchive Object
(
    [status] => 0
    [statusSys] => 0
    [numFiles] => 3215
    [filename] => /Applications/MAMP/htdocs/wp-hangout/wp-snapshots/tmp/20161213_hangoutbeachresort_585074c811deb5488161213222304_archive.zip
    [comment] => 
)
 
COMPRESSION RESULT: '1' 
COMPRESSED SIZE: 26.91MB 
ARCHIVE RUNTIME: 26.34 sec. 
MEMORY STACK: 6MB 

******************************************************************************** 
MAKE INSTALLER: 
******************************************************************************** 
Build Start 
Build Finished 
Preping for use 
Template parsed with new data 
Complete [/Applications/MAMP/htdocs/wp-hangout/wp-snapshots/tmp/20161213_hangoutbeachresort_585074c811deb5488161213222304_installer.php] 
Added to archive 

******************************************************************************** 
INTEGRITY CHECKS: 
******************************************************************************** 
SQL File: 736.46KB 
Installer File: 352.04KB 
Archive File: 26.91MB  

********************************************************************************
RECORD ID:[1]
TOTAL PROCESS RUNTIME: 28.64 sec.
PEAK PHP MEMORY USED: 8MB
DONE PROCESSING => 20161213_hangoutbeachresort 2016-12-13 22:24:33
 
